<?xml version="1.0" encoding="UTF-8"?>
<testng-results skipped="0" failed="0" total="1" passed="1">
  <reporter-output>
  </reporter-output>
  <suite name="Suite" duration-ms="152" started-at="2018-07-16T05:15:47Z" finished-at="2018-07-16T05:15:47Z">
    <groups>
    </groups>
    <test name="Test" duration-ms="152" started-at="2018-07-16T05:15:47Z" finished-at="2018-07-16T05:15:47Z">
      <class name="facebook.facebooktitle">
        <test-method status="PASS" signature="test()[pri:0, instance:facebook.facebooktitle@4b9e13df]" name="test" duration-ms="32" started-at="2018-07-16T10:45:47Z" finished-at="2018-07-16T10:45:47Z">
          <reporter-output>
          </reporter-output>
        </test-method> <!-- test -->
      </class> <!-- facebook.facebooktitle -->
    </test> <!-- Test -->
  </suite> <!-- Suite -->
</testng-results>
